c:\users\nikit\desktop\consoleapplication3\consoleapplication3\debug\vc142.pdb
c:\users\nikit\desktop\consoleapplication3\consoleapplication3\debug\vc142.idb
c:\users\nikit\desktop\consoleapplication3\consoleapplication3\debug\date.obj
c:\users\nikit\desktop\consoleapplication3\consoleapplication3\debug\consoleapplication3.obj
c:\users\nikit\desktop\consoleapplication3\consoleapplication3\debug\test.obj
c:\users\nikit\desktop\consoleapplication3\debug\consoleapplication3.exe
c:\users\nikit\desktop\consoleapplication3\consoleapplication3\debug\consoleapplication3.ilk
c:\users\nikit\desktop\consoleapplication3\debug\consoleapplication3.pdb
c:\users\nikit\desktop\consoleapplication3\consoleapplication3\debug\consolea.1fff8a89.tlog\cl.command.1.tlog
c:\users\nikit\desktop\consoleapplication3\consoleapplication3\debug\consolea.1fff8a89.tlog\cl.read.1.tlog
c:\users\nikit\desktop\consoleapplication3\consoleapplication3\debug\consolea.1fff8a89.tlog\cl.write.1.tlog
c:\users\nikit\desktop\consoleapplication3\consoleapplication3\debug\consolea.1fff8a89.tlog\link.13584-cvtres.read.1.tlog
c:\users\nikit\desktop\consoleapplication3\consoleapplication3\debug\consolea.1fff8a89.tlog\link.13584-cvtres.write.1.tlog
c:\users\nikit\desktop\consoleapplication3\consoleapplication3\debug\consolea.1fff8a89.tlog\link.13584-rc.read.1.tlog
c:\users\nikit\desktop\consoleapplication3\consoleapplication3\debug\consolea.1fff8a89.tlog\link.13584-rc.write.1.tlog
c:\users\nikit\desktop\consoleapplication3\consoleapplication3\debug\consolea.1fff8a89.tlog\link.13584.read.1.tlog
c:\users\nikit\desktop\consoleapplication3\consoleapplication3\debug\consolea.1fff8a89.tlog\link.13584.write.1.tlog
c:\users\nikit\desktop\consoleapplication3\consoleapplication3\debug\consolea.1fff8a89.tlog\link.command.1.tlog
c:\users\nikit\desktop\consoleapplication3\consoleapplication3\debug\consolea.1fff8a89.tlog\link.read.1.tlog
c:\users\nikit\desktop\consoleapplication3\consoleapplication3\debug\consolea.1fff8a89.tlog\link.write.1.tlog
